<?xml version="1.0" encoding="UTF-8"?>
<testng-results skipped="0" failed="0" ignored="0" total="2" passed="2">
  <reporter-output>
  </reporter-output>
  <suite name="Default suite" duration-ms="2920" started-at="2018-04-19T12:47:55Z" finished-at="2018-04-19T12:47:58Z">
    <groups>
    </groups>
    <test name="Default test" duration-ms="2920" started-at="2018-04-19T12:47:55Z" finished-at="2018-04-19T12:47:58Z">
      <class name="getRequest.GetData">
        <test-method status="PASS" signature="testResponsCode()[pri:0, instance:getRequest.GetData@51efea79]" name="testResponsCode" duration-ms="2216" started-at="2018-04-19T18:17:55Z" finished-at="2018-04-19T18:17:58Z">
          <reporter-output>
          </reporter-output>
        </test-method> <!-- testResponsCode -->
        <test-method status="PASS" signature="testbody()[pri:0, instance:getRequest.GetData@51efea79]" name="testbody" duration-ms="669" started-at="2018-04-19T18:17:58Z" finished-at="2018-04-19T18:17:58Z">
          <reporter-output>
          </reporter-output>
        </test-method> <!-- testbody -->
      </class> <!-- getRequest.GetData -->
    </test> <!-- Default test -->
  </suite> <!-- Default suite -->
</testng-results>
