<?xml version="1.0" encoding="UTF-8"?>
<testng-results skipped="0" failed="0" total="1" passed="1">
  <reporter-output>
  </reporter-output>
  <suite name="Default suite" duration-ms="13456" started-at="2018-01-23T12:14:05Z" finished-at="2018-01-23T12:14:19Z">
    <groups>
    </groups>
    <test name="Default test" duration-ms="13456" started-at="2018-01-23T12:14:05Z" finished-at="2018-01-23T12:14:19Z">
      <class name="com.wordpress.pageFactory.VerifyLoginPage">
        <test-method status="PASS" signature="VerifyLogin1()[pri:0, instance:com.wordpress.pageFactory.VerifyLoginPage@55f3ddb1]" name="VerifyLogin1" duration-ms="13446" started-at="2018-01-23T17:44:05Z" finished-at="2018-01-23T17:44:19Z">
          <reporter-output>
          </reporter-output>
        </test-method> <!-- VerifyLogin1 -->
      </class> <!-- com.wordpress.pageFactory.VerifyLoginPage -->
    </test> <!-- Default test -->
  </suite> <!-- Default suite -->
</testng-results>
